[2019-11-08 13:46:23.631] [exthost] [info] extension host started
[2019-11-08 13:46:23.652] [exthost] [info] ExtensionService#_doActivateExtension vscode.debug-auto-launch {"startup":true,"extensionId":{"value":"vscode.debug-auto-launch","_lower":"vscode.debug-auto-launch"},"activationEvent":"*"}
[2019-11-08 13:46:23.652] [exthost] [info] ExtensionService#loadCommonJSModule file:///home/achu/Applications/VSCodium/resources/app/extensions/debug-auto-launch/dist/extension
[2019-11-08 13:46:23.656] [exthost] [info] ExtensionService#_doActivateExtension vscode.emmet {"startup":true,"extensionId":{"value":"vscode.emmet","_lower":"vscode.emmet"},"activationEvent":"*"}
[2019-11-08 13:46:23.656] [exthost] [info] ExtensionService#loadCommonJSModule file:///home/achu/Applications/VSCodium/resources/app/extensions/emmet/dist/extension
[2019-11-08 13:46:23.666] [exthost] [info] ExtensionService#_doActivateExtension vscode.git {"startup":true,"extensionId":{"value":"vscode.git","_lower":"vscode.git"},"activationEvent":"*"}
[2019-11-08 13:46:23.666] [exthost] [info] ExtensionService#loadCommonJSModule file:///home/achu/Applications/VSCodium/resources/app/extensions/git/dist/main
[2019-11-08 13:46:23.680] [exthost] [info] ExtensionService#_doActivateExtension vscode.merge-conflict {"startup":true,"extensionId":{"value":"vscode.merge-conflict","_lower":"vscode.merge-conflict"},"activationEvent":"*"}
[2019-11-08 13:46:23.680] [exthost] [info] ExtensionService#loadCommonJSModule file:///home/achu/Applications/VSCodium/resources/app/extensions/merge-conflict/dist/extension
[2019-11-08 13:46:23.681] [exthost] [info] ExtensionService#_doActivateExtension dbaeumer.vscode-eslint {"startup":true,"extensionId":{"value":"dbaeumer.vscode-eslint","_lower":"dbaeumer.vscode-eslint"},"activationEvent":"*"}
[2019-11-08 13:46:23.681] [exthost] [info] ExtensionService#loadCommonJSModule file:///home/achu/.vscode-oss/extensions/dbaeumer.vscode-eslint-1.9.1/client/out/extension
[2019-11-08 13:46:23.685] [exthost] [info] ExtensionService#_doActivateExtension esbenp.prettier-vscode {"startup":true,"extensionId":{"value":"esbenp.prettier-vscode","_lower":"esbenp.prettier-vscode"},"activationEvent":"*"}
[2019-11-08 13:46:23.685] [exthost] [info] ExtensionService#loadCommonJSModule file:///home/achu/.vscode-oss/extensions/esbenp.prettier-vscode-2.3.0/out/extension
[2019-11-08 13:46:23.747] [exthost] [info] ExtensionService#_doActivateExtension ms-vsliveshare.vsliveshare {"startup":true,"extensionId":{"value":"ms-vsliveshare.vsliveshare","_lower":"ms-vsliveshare.vsliveshare"},"activationEvent":"*"}
[2019-11-08 13:46:23.747] [exthost] [info] ExtensionService#loadCommonJSModule file:///home/achu/.vscode-oss/extensions/ms-vsliveshare.vsliveshare-1.0.1123/out/prod/extension-prod
[2019-11-08 13:46:23.883] [exthost] [info] ExtensionService#_doActivateExtension PKief.material-icon-theme {"startup":true,"extensionId":{"value":"PKief.material-icon-theme","_lower":"pkief.material-icon-theme"},"activationEvent":"*"}
[2019-11-08 13:46:23.883] [exthost] [info] ExtensionService#loadCommonJSModule file:///home/achu/.vscode-oss/extensions/pkief.material-icon-theme-3.9.1/dist/extension
[2019-11-08 13:46:23.892] [exthost] [info] eager extensions activated
[2019-11-08 13:46:26.263] [exthost] [info] ExtensionService#_doActivateExtension IsaacT.verilog-formatter {"startup":false,"extensionId":{"value":"IsaacT.verilog-formatter","_lower":"isaact.verilog-formatter"},"activationEvent":"onLanguage:verilog"}
[2019-11-08 13:46:26.263] [exthost] [info] ExtensionService#loadCommonJSModule file:///home/achu/.vscode-oss/extensions/isaact.verilog-formatter-0.0.2/out/extension.js
[2019-11-08 13:46:26.273] [exthost] [info] ExtensionService#_doActivateExtension mshr-h.veriloghdl {"startup":false,"extensionId":{"value":"mshr-h.veriloghdl","_lower":"mshr-h.veriloghdl"},"activationEvent":"onLanguage:verilog"}
[2019-11-08 13:46:26.274] [exthost] [info] ExtensionService#loadCommonJSModule file:///home/achu/.vscode-oss/extensions/mshr-h.veriloghdl-1.0.3/out/src/extension
[2019-11-08 13:46:37.756] [exthost] [error] [mshr-h.veriloghdl] provider FAILED
[2019-11-08 13:46:37.757] [exthost] [error] TypeError: Cannot read property 'isEmpty' of undefined
	at VerilogHoverProvider.provideHover (/home/achu/.vscode-oss/extensions/mshr-h.veriloghdl-1.0.3/out/src/providers/HoverProvider.js:13:23)
	at o.asPromise (/home/achu/Applications/VSCodium/resources/app/out/vs/workbench/services/extensions/node/extensionHostProcess.js:553:169)
	at Promise (/home/achu/Applications/VSCodium/resources/app/out/vs/workbench/services/extensions/node/extensionHostProcess.js:55:649)
	at new Promise (<anonymous>)
	at Object.t.asPromise (/home/achu/Applications/VSCodium/resources/app/out/vs/workbench/services/extensions/node/extensionHostProcess.js:55:621)
	at w.provideHover (/home/achu/Applications/VSCodium/resources/app/out/vs/workbench/services/extensions/node/extensionHostProcess.js:553:140)
	at _withAdapter.e (/home/achu/Applications/VSCodium/resources/app/out/vs/workbench/services/extensions/node/extensionHostProcess.js:569:653)
	at U._withAdapter (/home/achu/Applications/VSCodium/resources/app/out/vs/workbench/services/extensions/node/extensionHostProcess.js:566:593)
	at U.$provideHover (/home/achu/Applications/VSCodium/resources/app/out/vs/workbench/services/extensions/node/extensionHostProcess.js:569:631)
	at p._doInvokeHandler (/home/achu/Applications/VSCodium/resources/app/out/vs/workbench/services/extensions/node/extensionHostProcess.js:635:275)
	at p._invokeHandler (/home/achu/Applications/VSCodium/resources/app/out/vs/workbench/services/extensions/node/extensionHostProcess.js:634:971)
	at p._receiveRequest (/home/achu/Applications/VSCodium/resources/app/out/vs/workbench/services/extensions/node/extensionHostProcess.js:633:588)
	at p._receiveOneMessage (/home/achu/Applications/VSCodium/resources/app/out/vs/workbench/services/extensions/node/extensionHostProcess.js:632:468)
	at _protocol.onMessage.e (/home/achu/Applications/VSCodium/resources/app/out/vs/workbench/services/extensions/node/extensionHostProcess.js:630:691)
	at l.fire (/home/achu/Applications/VSCodium/resources/app/out/vs/workbench/services/extensions/node/extensionHostProcess.js:50:519)
	at _.fire (/home/achu/Applications/VSCodium/resources/app/out/vs/workbench/services/extensions/node/extensionHostProcess.js:181:274)
	at e.onMessage.e (/home/achu/Applications/VSCodium/resources/app/out/vs/workbench/services/extensions/node/extensionHostProcess.js:787:104)
	at l.fire (/home/achu/Applications/VSCodium/resources/app/out/vs/workbench/services/extensions/node/extensionHostProcess.js:50:519)
	at _.fire (/home/achu/Applications/VSCodium/resources/app/out/vs/workbench/services/extensions/node/extensionHostProcess.js:181:274)
	at t.PersistentProtocol._receiveMessage (/home/achu/Applications/VSCodium/resources/app/out/vs/workbench/services/extensions/node/extensionHostProcess.js:185:629)
	at _socketDisposables.push._socketReader.onMessage.e (/home/achu/Applications/VSCodium/resources/app/out/vs/workbench/services/extensions/node/extensionHostProcess.js:182:824)
	at l.fire (/home/achu/Applications/VSCodium/resources/app/out/vs/workbench/services/extensions/node/extensionHostProcess.js:50:519)
	at p.acceptChunk (/home/achu/Applications/VSCodium/resources/app/out/vs/workbench/services/extensions/node/extensionHostProcess.js:178:588)
	at _register._socket.onData.e (/home/achu/Applications/VSCodium/resources/app/out/vs/workbench/services/extensions/node/extensionHostProcess.js:177:958)
	at Socket.t (/home/achu/Applications/VSCodium/resources/app/out/vs/workbench/services/extensions/node/extensionHostProcess.js:187:68)
	at Socket.emit (events.js:182:13)
	at addChunk (_stream_readable.js:283:12)
	at readableAddChunk (_stream_readable.js:264:11)
	at Socket.Readable.push (_stream_readable.js:219:10)
	at Pipe.onStreamRead [as onread] (internal/stream_base_commons.js:94:17)
[2019-11-08 13:47:39.253] [exthost] [error] [mshr-h.veriloghdl] provider FAILED
[2019-11-08 13:47:39.254] [exthost] [error] TypeError: Cannot read property 'isEmpty' of undefined
	at VerilogHoverProvider.provideHover (/home/achu/.vscode-oss/extensions/mshr-h.veriloghdl-1.0.3/out/src/providers/HoverProvider.js:13:23)
	at o.asPromise (/home/achu/Applications/VSCodium/resources/app/out/vs/workbench/services/extensions/node/extensionHostProcess.js:553:169)
	at Promise (/home/achu/Applications/VSCodium/resources/app/out/vs/workbench/services/extensions/node/extensionHostProcess.js:55:649)
	at new Promise (<anonymous>)
	at Object.t.asPromise (/home/achu/Applications/VSCodium/resources/app/out/vs/workbench/services/extensions/node/extensionHostProcess.js:55:621)
	at w.provideHover (/home/achu/Applications/VSCodium/resources/app/out/vs/workbench/services/extensions/node/extensionHostProcess.js:553:140)
	at _withAdapter.e (/home/achu/Applications/VSCodium/resources/app/out/vs/workbench/services/extensions/node/extensionHostProcess.js:569:653)
	at U._withAdapter (/home/achu/Applications/VSCodium/resources/app/out/vs/workbench/services/extensions/node/extensionHostProcess.js:566:593)
	at U.$provideHover (/home/achu/Applications/VSCodium/resources/app/out/vs/workbench/services/extensions/node/extensionHostProcess.js:569:631)
	at p._doInvokeHandler (/home/achu/Applications/VSCodium/resources/app/out/vs/workbench/services/extensions/node/extensionHostProcess.js:635:275)
	at p._invokeHandler (/home/achu/Applications/VSCodium/resources/app/out/vs/workbench/services/extensions/node/extensionHostProcess.js:634:971)
	at p._receiveRequest (/home/achu/Applications/VSCodium/resources/app/out/vs/workbench/services/extensions/node/extensionHostProcess.js:633:588)
	at p._receiveOneMessage (/home/achu/Applications/VSCodium/resources/app/out/vs/workbench/services/extensions/node/extensionHostProcess.js:632:468)
	at _protocol.onMessage.e (/home/achu/Applications/VSCodium/resources/app/out/vs/workbench/services/extensions/node/extensionHostProcess.js:630:691)
	at l.fire (/home/achu/Applications/VSCodium/resources/app/out/vs/workbench/services/extensions/node/extensionHostProcess.js:50:519)
	at _.fire (/home/achu/Applications/VSCodium/resources/app/out/vs/workbench/services/extensions/node/extensionHostProcess.js:181:274)
	at e.onMessage.e (/home/achu/Applications/VSCodium/resources/app/out/vs/workbench/services/extensions/node/extensionHostProcess.js:787:104)
	at l.fire (/home/achu/Applications/VSCodium/resources/app/out/vs/workbench/services/extensions/node/extensionHostProcess.js:50:519)
	at _.fire (/home/achu/Applications/VSCodium/resources/app/out/vs/workbench/services/extensions/node/extensionHostProcess.js:181:274)
	at t.PersistentProtocol._receiveMessage (/home/achu/Applications/VSCodium/resources/app/out/vs/workbench/services/extensions/node/extensionHostProcess.js:185:629)
	at _socketDisposables.push._socketReader.onMessage.e (/home/achu/Applications/VSCodium/resources/app/out/vs/workbench/services/extensions/node/extensionHostProcess.js:182:824)
	at l.fire (/home/achu/Applications/VSCodium/resources/app/out/vs/workbench/services/extensions/node/extensionHostProcess.js:50:519)
	at p.acceptChunk (/home/achu/Applications/VSCodium/resources/app/out/vs/workbench/services/extensions/node/extensionHostProcess.js:178:588)
	at _register._socket.onData.e (/home/achu/Applications/VSCodium/resources/app/out/vs/workbench/services/extensions/node/extensionHostProcess.js:177:958)
	at Socket.t (/home/achu/Applications/VSCodium/resources/app/out/vs/workbench/services/extensions/node/extensionHostProcess.js:187:68)
	at Socket.emit (events.js:182:13)
	at addChunk (_stream_readable.js:283:12)
	at readableAddChunk (_stream_readable.js:264:11)
	at Socket.Readable.push (_stream_readable.js:219:10)
	at Pipe.onStreamRead [as onread] (internal/stream_base_commons.js:94:17)
[2019-11-08 13:47:40.574] [exthost] [error] [mshr-h.veriloghdl] provider FAILED
[2019-11-08 13:47:40.575] [exthost] [error] TypeError: Cannot read property 'isEmpty' of undefined
	at VerilogHoverProvider.provideHover (/home/achu/.vscode-oss/extensions/mshr-h.veriloghdl-1.0.3/out/src/providers/HoverProvider.js:13:23)
	at o.asPromise (/home/achu/Applications/VSCodium/resources/app/out/vs/workbench/services/extensions/node/extensionHostProcess.js:553:169)
	at Promise (/home/achu/Applications/VSCodium/resources/app/out/vs/workbench/services/extensions/node/extensionHostProcess.js:55:649)
	at new Promise (<anonymous>)
	at Object.t.asPromise (/home/achu/Applications/VSCodium/resources/app/out/vs/workbench/services/extensions/node/extensionHostProcess.js:55:621)
	at w.provideHover (/home/achu/Applications/VSCodium/resources/app/out/vs/workbench/services/extensions/node/extensionHostProcess.js:553:140)
	at _withAdapter.e (/home/achu/Applications/VSCodium/resources/app/out/vs/workbench/services/extensions/node/extensionHostProcess.js:569:653)
	at U._withAdapter (/home/achu/Applications/VSCodium/resources/app/out/vs/workbench/services/extensions/node/extensionHostProcess.js:566:593)
	at U.$provideHover (/home/achu/Applications/VSCodium/resources/app/out/vs/workbench/services/extensions/node/extensionHostProcess.js:569:631)
	at p._doInvokeHandler (/home/achu/Applications/VSCodium/resources/app/out/vs/workbench/services/extensions/node/extensionHostProcess.js:635:275)
	at p._invokeHandler (/home/achu/Applications/VSCodium/resources/app/out/vs/workbench/services/extensions/node/extensionHostProcess.js:634:971)
	at p._receiveRequest (/home/achu/Applications/VSCodium/resources/app/out/vs/workbench/services/extensions/node/extensionHostProcess.js:633:588)
	at p._receiveOneMessage (/home/achu/Applications/VSCodium/resources/app/out/vs/workbench/services/extensions/node/extensionHostProcess.js:632:468)
	at _protocol.onMessage.e (/home/achu/Applications/VSCodium/resources/app/out/vs/workbench/services/extensions/node/extensionHostProcess.js:630:691)
	at l.fire (/home/achu/Applications/VSCodium/resources/app/out/vs/workbench/services/extensions/node/extensionHostProcess.js:50:519)
	at _.fire (/home/achu/Applications/VSCodium/resources/app/out/vs/workbench/services/extensions/node/extensionHostProcess.js:181:274)
	at e.onMessage.e (/home/achu/Applications/VSCodium/resources/app/out/vs/workbench/services/extensions/node/extensionHostProcess.js:787:104)
	at l.fire (/home/achu/Applications/VSCodium/resources/app/out/vs/workbench/services/extensions/node/extensionHostProcess.js:50:519)
	at _.fire (/home/achu/Applications/VSCodium/resources/app/out/vs/workbench/services/extensions/node/extensionHostProcess.js:181:274)
	at t.PersistentProtocol._receiveMessage (/home/achu/Applications/VSCodium/resources/app/out/vs/workbench/services/extensions/node/extensionHostProcess.js:185:629)
	at _socketDisposables.push._socketReader.onMessage.e (/home/achu/Applications/VSCodium/resources/app/out/vs/workbench/services/extensions/node/extensionHostProcess.js:182:824)
	at l.fire (/home/achu/Applications/VSCodium/resources/app/out/vs/workbench/services/extensions/node/extensionHostProcess.js:50:519)
	at p.acceptChunk (/home/achu/Applications/VSCodium/resources/app/out/vs/workbench/services/extensions/node/extensionHostProcess.js:178:588)
	at _register._socket.onData.e (/home/achu/Applications/VSCodium/resources/app/out/vs/workbench/services/extensions/node/extensionHostProcess.js:177:958)
	at Socket.t (/home/achu/Applications/VSCodium/resources/app/out/vs/workbench/services/extensions/node/extensionHostProcess.js:187:68)
	at Socket.emit (events.js:182:13)
	at addChunk (_stream_readable.js:283:12)
	at readableAddChunk (_stream_readable.js:264:11)
	at Socket.Readable.push (_stream_readable.js:219:10)
	at Pipe.onStreamRead [as onread] (internal/stream_base_commons.js:94:17)
[2019-11-08 13:47:40.775] [exthost] [error] [mshr-h.veriloghdl] provider FAILED
[2019-11-08 13:47:40.776] [exthost] [error] TypeError: Cannot read property 'isEmpty' of undefined
	at VerilogHoverProvider.provideHover (/home/achu/.vscode-oss/extensions/mshr-h.veriloghdl-1.0.3/out/src/providers/HoverProvider.js:13:23)
	at o.asPromise (/home/achu/Applications/VSCodium/resources/app/out/vs/workbench/services/extensions/node/extensionHostProcess.js:553:169)
	at Promise (/home/achu/Applications/VSCodium/resources/app/out/vs/workbench/services/extensions/node/extensionHostProcess.js:55:649)
	at new Promise (<anonymous>)
	at Object.t.asPromise (/home/achu/Applications/VSCodium/resources/app/out/vs/workbench/services/extensions/node/extensionHostProcess.js:55:621)
	at w.provideHover (/home/achu/Applications/VSCodium/resources/app/out/vs/workbench/services/extensions/node/extensionHostProcess.js:553:140)
	at _withAdapter.e (/home/achu/Applications/VSCodium/resources/app/out/vs/workbench/services/extensions/node/extensionHostProcess.js:569:653)
	at U._withAdapter (/home/achu/Applications/VSCodium/resources/app/out/vs/workbench/services/extensions/node/extensionHostProcess.js:566:593)
	at U.$provideHover (/home/achu/Applications/VSCodium/resources/app/out/vs/workbench/services/extensions/node/extensionHostProcess.js:569:631)
	at p._doInvokeHandler (/home/achu/Applications/VSCodium/resources/app/out/vs/workbench/services/extensions/node/extensionHostProcess.js:635:275)
	at p._invokeHandler (/home/achu/Applications/VSCodium/resources/app/out/vs/workbench/services/extensions/node/extensionHostProcess.js:634:971)
	at p._receiveRequest (/home/achu/Applications/VSCodium/resources/app/out/vs/workbench/services/extensions/node/extensionHostProcess.js:633:588)
	at p._receiveOneMessage (/home/achu/Applications/VSCodium/resources/app/out/vs/workbench/services/extensions/node/extensionHostProcess.js:632:468)
	at _protocol.onMessage.e (/home/achu/Applications/VSCodium/resources/app/out/vs/workbench/services/extensions/node/extensionHostProcess.js:630:691)
	at l.fire (/home/achu/Applications/VSCodium/resources/app/out/vs/workbench/services/extensions/node/extensionHostProcess.js:50:519)
	at _.fire (/home/achu/Applications/VSCodium/resources/app/out/vs/workbench/services/extensions/node/extensionHostProcess.js:181:274)
	at e.onMessage.e (/home/achu/Applications/VSCodium/resources/app/out/vs/workbench/services/extensions/node/extensionHostProcess.js:787:104)
	at l.fire (/home/achu/Applications/VSCodium/resources/app/out/vs/workbench/services/extensions/node/extensionHostProcess.js:50:519)
	at _.fire (/home/achu/Applications/VSCodium/resources/app/out/vs/workbench/services/extensions/node/extensionHostProcess.js:181:274)
	at t.PersistentProtocol._receiveMessage (/home/achu/Applications/VSCodium/resources/app/out/vs/workbench/services/extensions/node/extensionHostProcess.js:185:629)
	at _socketDisposables.push._socketReader.onMessage.e (/home/achu/Applications/VSCodium/resources/app/out/vs/workbench/services/extensions/node/extensionHostProcess.js:182:824)
	at l.fire (/home/achu/Applications/VSCodium/resources/app/out/vs/workbench/services/extensions/node/extensionHostProcess.js:50:519)
	at p.acceptChunk (/home/achu/Applications/VSCodium/resources/app/out/vs/workbench/services/extensions/node/extensionHostProcess.js:178:588)
	at _register._socket.onData.e (/home/achu/Applications/VSCodium/resources/app/out/vs/workbench/services/extensions/node/extensionHostProcess.js:177:958)
	at Socket.t (/home/achu/Applications/VSCodium/resources/app/out/vs/workbench/services/extensions/node/extensionHostProcess.js:187:68)
	at Socket.emit (events.js:182:13)
	at addChunk (_stream_readable.js:283:12)
	at readableAddChunk (_stream_readable.js:264:11)
	at Socket.Readable.push (_stream_readable.js:219:10)
	at Pipe.onStreamRead [as onread] (internal/stream_base_commons.js:94:17)
[2019-11-08 13:47:41.724] [exthost] [error] [mshr-h.veriloghdl] provider FAILED
[2019-11-08 13:47:41.724] [exthost] [error] TypeError: Cannot read property 'isEmpty' of undefined
	at VerilogHoverProvider.provideHover (/home/achu/.vscode-oss/extensions/mshr-h.veriloghdl-1.0.3/out/src/providers/HoverProvider.js:13:23)
	at o.asPromise (/home/achu/Applications/VSCodium/resources/app/out/vs/workbench/services/extensions/node/extensionHostProcess.js:553:169)
	at Promise (/home/achu/Applications/VSCodium/resources/app/out/vs/workbench/services/extensions/node/extensionHostProcess.js:55:649)
	at new Promise (<anonymous>)
	at Object.t.asPromise (/home/achu/Applications/VSCodium/resources/app/out/vs/workbench/services/extensions/node/extensionHostProcess.js:55:621)
	at w.provideHover (/home/achu/Applications/VSCodium/resources/app/out/vs/workbench/services/extensions/node/extensionHostProcess.js:553:140)
	at _withAdapter.e (/home/achu/Applications/VSCodium/resources/app/out/vs/workbench/services/extensions/node/extensionHostProcess.js:569:653)
	at U._withAdapter (/home/achu/Applications/VSCodium/resources/app/out/vs/workbench/services/extensions/node/extensionHostProcess.js:566:593)
	at U.$provideHover (/home/achu/Applications/VSCodium/resources/app/out/vs/workbench/services/extensions/node/extensionHostProcess.js:569:631)
	at p._doInvokeHandler (/home/achu/Applications/VSCodium/resources/app/out/vs/workbench/services/extensions/node/extensionHostProcess.js:635:275)
	at p._invokeHandler (/home/achu/Applications/VSCodium/resources/app/out/vs/workbench/services/extensions/node/extensionHostProcess.js:634:971)
	at p._receiveRequest (/home/achu/Applications/VSCodium/resources/app/out/vs/workbench/services/extensions/node/extensionHostProcess.js:633:588)
	at p._receiveOneMessage (/home/achu/Applications/VSCodium/resources/app/out/vs/workbench/services/extensions/node/extensionHostProcess.js:632:468)
	at _protocol.onMessage.e (/home/achu/Applications/VSCodium/resources/app/out/vs/workbench/services/extensions/node/extensionHostProcess.js:630:691)
	at l.fire (/home/achu/Applications/VSCodium/resources/app/out/vs/workbench/services/extensions/node/extensionHostProcess.js:50:519)
	at _.fire (/home/achu/Applications/VSCodium/resources/app/out/vs/workbench/services/extensions/node/extensionHostProcess.js:181:274)
	at e.onMessage.e (/home/achu/Applications/VSCodium/resources/app/out/vs/workbench/services/extensions/node/extensionHostProcess.js:787:104)
	at l.fire (/home/achu/Applications/VSCodium/resources/app/out/vs/workbench/services/extensions/node/extensionHostProcess.js:50:519)
	at _.fire (/home/achu/Applications/VSCodium/resources/app/out/vs/workbench/services/extensions/node/extensionHostProcess.js:181:274)
	at t.PersistentProtocol._receiveMessage (/home/achu/Applications/VSCodium/resources/app/out/vs/workbench/services/extensions/node/extensionHostProcess.js:185:629)
	at _socketDisposables.push._socketReader.onMessage.e (/home/achu/Applications/VSCodium/resources/app/out/vs/workbench/services/extensions/node/extensionHostProcess.js:182:824)
	at l.fire (/home/achu/Applications/VSCodium/resources/app/out/vs/workbench/services/extensions/node/extensionHostProcess.js:50:519)
	at p.acceptChunk (/home/achu/Applications/VSCodium/resources/app/out/vs/workbench/services/extensions/node/extensionHostProcess.js:178:588)
	at _register._socket.onData.e (/home/achu/Applications/VSCodium/resources/app/out/vs/workbench/services/extensions/node/extensionHostProcess.js:177:958)
	at Socket.t (/home/achu/Applications/VSCodium/resources/app/out/vs/workbench/services/extensions/node/extensionHostProcess.js:187:68)
	at Socket.emit (events.js:182:13)
	at addChunk (_stream_readable.js:283:12)
	at readableAddChunk (_stream_readable.js:264:11)
	at Socket.Readable.push (_stream_readable.js:219:10)
	at Pipe.onStreamRead [as onread] (internal/stream_base_commons.js:94:17)
[2019-11-08 13:47:43.164] [exthost] [error] [mshr-h.veriloghdl] provider FAILED
[2019-11-08 13:47:43.165] [exthost] [error] TypeError: Cannot read property 'isEmpty' of undefined
	at VerilogHoverProvider.provideHover (/home/achu/.vscode-oss/extensions/mshr-h.veriloghdl-1.0.3/out/src/providers/HoverProvider.js:13:23)
	at o.asPromise (/home/achu/Applications/VSCodium/resources/app/out/vs/workbench/services/extensions/node/extensionHostProcess.js:553:169)
	at Promise (/home/achu/Applications/VSCodium/resources/app/out/vs/workbench/services/extensions/node/extensionHostProcess.js:55:649)
	at new Promise (<anonymous>)
	at Object.t.asPromise (/home/achu/Applications/VSCodium/resources/app/out/vs/workbench/services/extensions/node/extensionHostProcess.js:55:621)
	at w.provideHover (/home/achu/Applications/VSCodium/resources/app/out/vs/workbench/services/extensions/node/extensionHostProcess.js:553:140)
	at _withAdapter.e (/home/achu/Applications/VSCodium/resources/app/out/vs/workbench/services/extensions/node/extensionHostProcess.js:569:653)
	at U._withAdapter (/home/achu/Applications/VSCodium/resources/app/out/vs/workbench/services/extensions/node/extensionHostProcess.js:566:593)
	at U.$provideHover (/home/achu/Applications/VSCodium/resources/app/out/vs/workbench/services/extensions/node/extensionHostProcess.js:569:631)
	at p._doInvokeHandler (/home/achu/Applications/VSCodium/resources/app/out/vs/workbench/services/extensions/node/extensionHostProcess.js:635:275)
	at p._invokeHandler (/home/achu/Applications/VSCodium/resources/app/out/vs/workbench/services/extensions/node/extensionHostProcess.js:634:971)
	at p._receiveRequest (/home/achu/Applications/VSCodium/resources/app/out/vs/workbench/services/extensions/node/extensionHostProcess.js:633:588)
	at p._receiveOneMessage (/home/achu/Applications/VSCodium/resources/app/out/vs/workbench/services/extensions/node/extensionHostProcess.js:632:468)
	at _protocol.onMessage.e (/home/achu/Applications/VSCodium/resources/app/out/vs/workbench/services/extensions/node/extensionHostProcess.js:630:691)
	at l.fire (/home/achu/Applications/VSCodium/resources/app/out/vs/workbench/services/extensions/node/extensionHostProcess.js:50:519)
	at _.fire (/home/achu/Applications/VSCodium/resources/app/out/vs/workbench/services/extensions/node/extensionHostProcess.js:181:274)
	at e.onMessage.e (/home/achu/Applications/VSCodium/resources/app/out/vs/workbench/services/extensions/node/extensionHostProcess.js:787:104)
	at l.fire (/home/achu/Applications/VSCodium/resources/app/out/vs/workbench/services/extensions/node/extensionHostProcess.js:50:519)
	at _.fire (/home/achu/Applications/VSCodium/resources/app/out/vs/workbench/services/extensions/node/extensionHostProcess.js:181:274)
	at t.PersistentProtocol._receiveMessage (/home/achu/Applications/VSCodium/resources/app/out/vs/workbench/services/extensions/node/extensionHostProcess.js:185:629)
	at _socketDisposables.push._socketReader.onMessage.e (/home/achu/Applications/VSCodium/resources/app/out/vs/workbench/services/extensions/node/extensionHostProcess.js:182:824)
	at l.fire (/home/achu/Applications/VSCodium/resources/app/out/vs/workbench/services/extensions/node/extensionHostProcess.js:50:519)
	at p.acceptChunk (/home/achu/Applications/VSCodium/resources/app/out/vs/workbench/services/extensions/node/extensionHostProcess.js:178:588)
	at _register._socket.onData.e (/home/achu/Applications/VSCodium/resources/app/out/vs/workbench/services/extensions/node/extensionHostProcess.js:177:958)
	at Socket.t (/home/achu/Applications/VSCodium/resources/app/out/vs/workbench/services/extensions/node/extensionHostProcess.js:187:68)
	at Socket.emit (events.js:182:13)
	at addChunk (_stream_readable.js:283:12)
	at readableAddChunk (_stream_readable.js:264:11)
	at Socket.Readable.push (_stream_readable.js:219:10)
	at Pipe.onStreamRead [as onread] (internal/stream_base_commons.js:94:17)
[2019-11-08 13:47:47.706] [exthost] [error] [mshr-h.veriloghdl] provider FAILED
[2019-11-08 13:47:47.707] [exthost] [error] TypeError: Cannot read property 'isEmpty' of undefined
	at VerilogHoverProvider.provideHover (/home/achu/.vscode-oss/extensions/mshr-h.veriloghdl-1.0.3/out/src/providers/HoverProvider.js:13:23)
	at o.asPromise (/home/achu/Applications/VSCodium/resources/app/out/vs/workbench/services/extensions/node/extensionHostProcess.js:553:169)
	at Promise (/home/achu/Applications/VSCodium/resources/app/out/vs/workbench/services/extensions/node/extensionHostProcess.js:55:649)
	at new Promise (<anonymous>)
	at Object.t.asPromise (/home/achu/Applications/VSCodium/resources/app/out/vs/workbench/services/extensions/node/extensionHostProcess.js:55:621)
	at w.provideHover (/home/achu/Applications/VSCodium/resources/app/out/vs/workbench/services/extensions/node/extensionHostProcess.js:553:140)
	at _withAdapter.e (/home/achu/Applications/VSCodium/resources/app/out/vs/workbench/services/extensions/node/extensionHostProcess.js:569:653)
	at U._withAdapter (/home/achu/Applications/VSCodium/resources/app/out/vs/workbench/services/extensions/node/extensionHostProcess.js:566:593)
	at U.$provideHover (/home/achu/Applications/VSCodium/resources/app/out/vs/workbench/services/extensions/node/extensionHostProcess.js:569:631)
	at p._doInvokeHandler (/home/achu/Applications/VSCodium/resources/app/out/vs/workbench/services/extensions/node/extensionHostProcess.js:635:275)
	at p._invokeHandler (/home/achu/Applications/VSCodium/resources/app/out/vs/workbench/services/extensions/node/extensionHostProcess.js:634:971)
	at p._receiveRequest (/home/achu/Applications/VSCodium/resources/app/out/vs/workbench/services/extensions/node/extensionHostProcess.js:633:588)
	at p._receiveOneMessage (/home/achu/Applications/VSCodium/resources/app/out/vs/workbench/services/extensions/node/extensionHostProcess.js:632:468)
	at _protocol.onMessage.e (/home/achu/Applications/VSCodium/resources/app/out/vs/workbench/services/extensions/node/extensionHostProcess.js:630:691)
	at l.fire (/home/achu/Applications/VSCodium/resources/app/out/vs/workbench/services/extensions/node/extensionHostProcess.js:50:519)
	at _.fire (/home/achu/Applications/VSCodium/resources/app/out/vs/workbench/services/extensions/node/extensionHostProcess.js:181:274)
	at e.onMessage.e (/home/achu/Applications/VSCodium/resources/app/out/vs/workbench/services/extensions/node/extensionHostProcess.js:787:104)
	at l.fire (/home/achu/Applications/VSCodium/resources/app/out/vs/workbench/services/extensions/node/extensionHostProcess.js:50:519)
	at _.fire (/home/achu/Applications/VSCodium/resources/app/out/vs/workbench/services/extensions/node/extensionHostProcess.js:181:274)
	at t.PersistentProtocol._receiveMessage (/home/achu/Applications/VSCodium/resources/app/out/vs/workbench/services/extensions/node/extensionHostProcess.js:185:629)
	at _socketDisposables.push._socketReader.onMessage.e (/home/achu/Applications/VSCodium/resources/app/out/vs/workbench/services/extensions/node/extensionHostProcess.js:182:824)
	at l.fire (/home/achu/Applications/VSCodium/resources/app/out/vs/workbench/services/extensions/node/extensionHostProcess.js:50:519)
	at p.acceptChunk (/home/achu/Applications/VSCodium/resources/app/out/vs/workbench/services/extensions/node/extensionHostProcess.js:178:588)
	at _register._socket.onData.e (/home/achu/Applications/VSCodium/resources/app/out/vs/workbench/services/extensions/node/extensionHostProcess.js:177:958)
	at Socket.t (/home/achu/Applications/VSCodium/resources/app/out/vs/workbench/services/extensions/node/extensionHostProcess.js:187:68)
	at Socket.emit (events.js:182:13)
	at addChunk (_stream_readable.js:283:12)
	at readableAddChunk (_stream_readable.js:264:11)
	at Socket.Readable.push (_stream_readable.js:219:10)
	at Pipe.onStreamRead [as onread] (internal/stream_base_commons.js:94:17)
[2019-11-08 13:47:47.908] [exthost] [error] [mshr-h.veriloghdl] provider FAILED
[2019-11-08 13:47:47.908] [exthost] [error] TypeError: Cannot read property 'isEmpty' of undefined
	at VerilogHoverProvider.provideHover (/home/achu/.vscode-oss/extensions/mshr-h.veriloghdl-1.0.3/out/src/providers/HoverProvider.js:13:23)
	at o.asPromise (/home/achu/Applications/VSCodium/resources/app/out/vs/workbench/services/extensions/node/extensionHostProcess.js:553:169)
	at Promise (/home/achu/Applications/VSCodium/resources/app/out/vs/workbench/services/extensions/node/extensionHostProcess.js:55:649)
	at new Promise (<anonymous>)
	at Object.t.asPromise (/home/achu/Applications/VSCodium/resources/app/out/vs/workbench/services/extensions/node/extensionHostProcess.js:55:621)
	at w.provideHover (/home/achu/Applications/VSCodium/resources/app/out/vs/workbench/services/extensions/node/extensionHostProcess.js:553:140)
	at _withAdapter.e (/home/achu/Applications/VSCodium/resources/app/out/vs/workbench/services/extensions/node/extensionHostProcess.js:569:653)
	at U._withAdapter (/home/achu/Applications/VSCodium/resources/app/out/vs/workbench/services/extensions/node/extensionHostProcess.js:566:593)
	at U.$provideHover (/home/achu/Applications/VSCodium/resources/app/out/vs/workbench/services/extensions/node/extensionHostProcess.js:569:631)
	at p._doInvokeHandler (/home/achu/Applications/VSCodium/resources/app/out/vs/workbench/services/extensions/node/extensionHostProcess.js:635:275)
	at p._invokeHandler (/home/achu/Applications/VSCodium/resources/app/out/vs/workbench/services/extensions/node/extensionHostProcess.js:634:971)
	at p._receiveRequest (/home/achu/Applications/VSCodium/resources/app/out/vs/workbench/services/extensions/node/extensionHostProcess.js:633:588)
	at p._receiveOneMessage (/home/achu/Applications/VSCodium/resources/app/out/vs/workbench/services/extensions/node/extensionHostProcess.js:632:468)
	at _protocol.onMessage.e (/home/achu/Applications/VSCodium/resources/app/out/vs/workbench/services/extensions/node/extensionHostProcess.js:630:691)
	at l.fire (/home/achu/Applications/VSCodium/resources/app/out/vs/workbench/services/extensions/node/extensionHostProcess.js:50:519)
	at _.fire (/home/achu/Applications/VSCodium/resources/app/out/vs/workbench/services/extensions/node/extensionHostProcess.js:181:274)
	at e.onMessage.e (/home/achu/Applications/VSCodium/resources/app/out/vs/workbench/services/extensions/node/extensionHostProcess.js:787:104)
	at l.fire (/home/achu/Applications/VSCodium/resources/app/out/vs/workbench/services/extensions/node/extensionHostProcess.js:50:519)
	at _.fire (/home/achu/Applications/VSCodium/resources/app/out/vs/workbench/services/extensions/node/extensionHostProcess.js:181:274)
	at t.PersistentProtocol._receiveMessage (/home/achu/Applications/VSCodium/resources/app/out/vs/workbench/services/extensions/node/extensionHostProcess.js:185:629)
	at _socketDisposables.push._socketReader.onMessage.e (/home/achu/Applications/VSCodium/resources/app/out/vs/workbench/services/extensions/node/extensionHostProcess.js:182:824)
	at l.fire (/home/achu/Applications/VSCodium/resources/app/out/vs/workbench/services/extensions/node/extensionHostProcess.js:50:519)
	at p.acceptChunk (/home/achu/Applications/VSCodium/resources/app/out/vs/workbench/services/extensions/node/extensionHostProcess.js:178:588)
	at _register._socket.onData.e (/home/achu/Applications/VSCodium/resources/app/out/vs/workbench/services/extensions/node/extensionHostProcess.js:177:958)
	at Socket.t (/home/achu/Applications/VSCodium/resources/app/out/vs/workbench/services/extensions/node/extensionHostProcess.js:187:68)
	at Socket.emit (events.js:182:13)
	at addChunk (_stream_readable.js:283:12)
	at readableAddChunk (_stream_readable.js:264:11)
	at Socket.Readable.push (_stream_readable.js:219:10)
	at Pipe.onStreamRead [as onread] (internal/stream_base_commons.js:94:17)
[2019-11-08 13:47:49.918] [exthost] [error] [mshr-h.veriloghdl] provider FAILED
[2019-11-08 13:47:49.918] [exthost] [error] TypeError: Cannot read property 'isEmpty' of undefined
	at VerilogHoverProvider.provideHover (/home/achu/.vscode-oss/extensions/mshr-h.veriloghdl-1.0.3/out/src/providers/HoverProvider.js:13:23)
	at o.asPromise (/home/achu/Applications/VSCodium/resources/app/out/vs/workbench/services/extensions/node/extensionHostProcess.js:553:169)
	at Promise (/home/achu/Applications/VSCodium/resources/app/out/vs/workbench/services/extensions/node/extensionHostProcess.js:55:649)
	at new Promise (<anonymous>)
	at Object.t.asPromise (/home/achu/Applications/VSCodium/resources/app/out/vs/workbench/services/extensions/node/extensionHostProcess.js:55:621)
	at w.provideHover (/home/achu/Applications/VSCodium/resources/app/out/vs/workbench/services/extensions/node/extensionHostProcess.js:553:140)
	at _withAdapter.e (/home/achu/Applications/VSCodium/resources/app/out/vs/workbench/services/extensions/node/extensionHostProcess.js:569:653)
	at U._withAdapter (/home/achu/Applications/VSCodium/resources/app/out/vs/workbench/services/extensions/node/extensionHostProcess.js:566:593)
	at U.$provideHover (/home/achu/Applications/VSCodium/resources/app/out/vs/workbench/services/extensions/node/extensionHostProcess.js:569:631)
	at p._doInvokeHandler (/home/achu/Applications/VSCodium/resources/app/out/vs/workbench/services/extensions/node/extensionHostProcess.js:635:275)
	at p._invokeHandler (/home/achu/Applications/VSCodium/resources/app/out/vs/workbench/services/extensions/node/extensionHostProcess.js:634:971)
	at p._receiveRequest (/home/achu/Applications/VSCodium/resources/app/out/vs/workbench/services/extensions/node/extensionHostProcess.js:633:588)
	at p._receiveOneMessage (/home/achu/Applications/VSCodium/resources/app/out/vs/workbench/services/extensions/node/extensionHostProcess.js:632:468)
	at _protocol.onMessage.e (/home/achu/Applications/VSCodium/resources/app/out/vs/workbench/services/extensions/node/extensionHostProcess.js:630:691)
	at l.fire (/home/achu/Applications/VSCodium/resources/app/out/vs/workbench/services/extensions/node/extensionHostProcess.js:50:519)
	at _.fire (/home/achu/Applications/VSCodium/resources/app/out/vs/workbench/services/extensions/node/extensionHostProcess.js:181:274)
	at e.onMessage.e (/home/achu/Applications/VSCodium/resources/app/out/vs/workbench/services/extensions/node/extensionHostProcess.js:787:104)
	at l.fire (/home/achu/Applications/VSCodium/resources/app/out/vs/workbench/services/extensions/node/extensionHostProcess.js:50:519)
	at _.fire (/home/achu/Applications/VSCodium/resources/app/out/vs/workbench/services/extensions/node/extensionHostProcess.js:181:274)
	at t.PersistentProtocol._receiveMessage (/home/achu/Applications/VSCodium/resources/app/out/vs/workbench/services/extensions/node/extensionHostProcess.js:185:629)
	at _socketDisposables.push._socketReader.onMessage.e (/home/achu/Applications/VSCodium/resources/app/out/vs/workbench/services/extensions/node/extensionHostProcess.js:182:824)
	at l.fire (/home/achu/Applications/VSCodium/resources/app/out/vs/workbench/services/extensions/node/extensionHostProcess.js:50:519)
	at p.acceptChunk (/home/achu/Applications/VSCodium/resources/app/out/vs/workbench/services/extensions/node/extensionHostProcess.js:178:588)
	at _register._socket.onData.e (/home/achu/Applications/VSCodium/resources/app/out/vs/workbench/services/extensions/node/extensionHostProcess.js:177:958)
	at Socket.t (/home/achu/Applications/VSCodium/resources/app/out/vs/workbench/services/extensions/node/extensionHostProcess.js:187:68)
	at Socket.emit (events.js:182:13)
	at addChunk (_stream_readable.js:283:12)
	at readableAddChunk (_stream_readable.js:264:11)
	at Socket.Readable.push (_stream_readable.js:219:10)
	at Pipe.onStreamRead [as onread] (internal/stream_base_commons.js:94:17)
[2019-11-08 13:47:50.318] [exthost] [error] [mshr-h.veriloghdl] provider FAILED
[2019-11-08 13:47:50.318] [exthost] [error] TypeError: Cannot read property 'isEmpty' of undefined
	at VerilogHoverProvider.provideHover (/home/achu/.vscode-oss/extensions/mshr-h.veriloghdl-1.0.3/out/src/providers/HoverProvider.js:13:23)
	at o.asPromise (/home/achu/Applications/VSCodium/resources/app/out/vs/workbench/services/extensions/node/extensionHostProcess.js:553:169)
	at Promise (/home/achu/Applications/VSCodium/resources/app/out/vs/workbench/services/extensions/node/extensionHostProcess.js:55:649)
	at new Promise (<anonymous>)
	at Object.t.asPromise (/home/achu/Applications/VSCodium/resources/app/out/vs/workbench/services/extensions/node/extensionHostProcess.js:55:621)
	at w.provideHover (/home/achu/Applications/VSCodium/resources/app/out/vs/workbench/services/extensions/node/extensionHostProcess.js:553:140)
	at _withAdapter.e (/home/achu/Applications/VSCodium/resources/app/out/vs/workbench/services/extensions/node/extensionHostProcess.js:569:653)
	at U._withAdapter (/home/achu/Applications/VSCodium/resources/app/out/vs/workbench/services/extensions/node/extensionHostProcess.js:566:593)
	at U.$provideHover (/home/achu/Applications/VSCodium/resources/app/out/vs/workbench/services/extensions/node/extensionHostProcess.js:569:631)
	at p._doInvokeHandler (/home/achu/Applications/VSCodium/resources/app/out/vs/workbench/services/extensions/node/extensionHostProcess.js:635:275)
	at p._invokeHandler (/home/achu/Applications/VSCodium/resources/app/out/vs/workbench/services/extensions/node/extensionHostProcess.js:634:971)
	at p._receiveRequest (/home/achu/Applications/VSCodium/resources/app/out/vs/workbench/services/extensions/node/extensionHostProcess.js:633:588)
	at p._receiveOneMessage (/home/achu/Applications/VSCodium/resources/app/out/vs/workbench/services/extensions/node/extensionHostProcess.js:632:468)
	at _protocol.onMessage.e (/home/achu/Applications/VSCodium/resources/app/out/vs/workbench/services/extensions/node/extensionHostProcess.js:630:691)
	at l.fire (/home/achu/Applications/VSCodium/resources/app/out/vs/workbench/services/extensions/node/extensionHostProcess.js:50:519)
	at _.fire (/home/achu/Applications/VSCodium/resources/app/out/vs/workbench/services/extensions/node/extensionHostProcess.js:181:274)
	at e.onMessage.e (/home/achu/Applications/VSCodium/resources/app/out/vs/workbench/services/extensions/node/extensionHostProcess.js:787:104)
	at l.fire (/home/achu/Applications/VSCodium/resources/app/out/vs/workbench/services/extensions/node/extensionHostProcess.js:50:519)
	at _.fire (/home/achu/Applications/VSCodium/resources/app/out/vs/workbench/services/extensions/node/extensionHostProcess.js:181:274)
	at t.PersistentProtocol._receiveMessage (/home/achu/Applications/VSCodium/resources/app/out/vs/workbench/services/extensions/node/extensionHostProcess.js:185:629)
	at _socketDisposables.push._socketReader.onMessage.e (/home/achu/Applications/VSCodium/resources/app/out/vs/workbench/services/extensions/node/extensionHostProcess.js:182:824)
	at l.fire (/home/achu/Applications/VSCodium/resources/app/out/vs/workbench/services/extensions/node/extensionHostProcess.js:50:519)
	at p.acceptChunk (/home/achu/Applications/VSCodium/resources/app/out/vs/workbench/services/extensions/node/extensionHostProcess.js:178:588)
	at _register._socket.onData.e (/home/achu/Applications/VSCodium/resources/app/out/vs/workbench/services/extensions/node/extensionHostProcess.js:177:958)
	at Socket.t (/home/achu/Applications/VSCodium/resources/app/out/vs/workbench/services/extensions/node/extensionHostProcess.js:187:68)
	at Socket.emit (events.js:182:13)
	at addChunk (_stream_readable.js:283:12)
	at readableAddChunk (_stream_readable.js:264:11)
	at Socket.Readable.push (_stream_readable.js:219:10)
	at Pipe.onStreamRead [as onread] (internal/stream_base_commons.js:94:17)
[2019-11-08 13:47:56.049] [exthost] [error] [mshr-h.veriloghdl] provider FAILED
[2019-11-08 13:47:56.049] [exthost] [error] TypeError: Cannot read property 'isEmpty' of undefined
	at VerilogHoverProvider.provideHover (/home/achu/.vscode-oss/extensions/mshr-h.veriloghdl-1.0.3/out/src/providers/HoverProvider.js:13:23)
	at o.asPromise (/home/achu/Applications/VSCodium/resources/app/out/vs/workbench/services/extensions/node/extensionHostProcess.js:553:169)
	at Promise (/home/achu/Applications/VSCodium/resources/app/out/vs/workbench/services/extensions/node/extensionHostProcess.js:55:649)
	at new Promise (<anonymous>)
	at Object.t.asPromise (/home/achu/Applications/VSCodium/resources/app/out/vs/workbench/services/extensions/node/extensionHostProcess.js:55:621)
	at w.provideHover (/home/achu/Applications/VSCodium/resources/app/out/vs/workbench/services/extensions/node/extensionHostProcess.js:553:140)
	at _withAdapter.e (/home/achu/Applications/VSCodium/resources/app/out/vs/workbench/services/extensions/node/extensionHostProcess.js:569:653)
	at U._withAdapter (/home/achu/Applications/VSCodium/resources/app/out/vs/workbench/services/extensions/node/extensionHostProcess.js:566:593)
	at U.$provideHover (/home/achu/Applications/VSCodium/resources/app/out/vs/workbench/services/extensions/node/extensionHostProcess.js:569:631)
	at p._doInvokeHandler (/home/achu/Applications/VSCodium/resources/app/out/vs/workbench/services/extensions/node/extensionHostProcess.js:635:275)
	at p._invokeHandler (/home/achu/Applications/VSCodium/resources/app/out/vs/workbench/services/extensions/node/extensionHostProcess.js:634:971)
	at p._receiveRequest (/home/achu/Applications/VSCodium/resources/app/out/vs/workbench/services/extensions/node/extensionHostProcess.js:633:588)
	at p._receiveOneMessage (/home/achu/Applications/VSCodium/resources/app/out/vs/workbench/services/extensions/node/extensionHostProcess.js:632:468)
	at _protocol.onMessage.e (/home/achu/Applications/VSCodium/resources/app/out/vs/workbench/services/extensions/node/extensionHostProcess.js:630:691)
	at l.fire (/home/achu/Applications/VSCodium/resources/app/out/vs/workbench/services/extensions/node/extensionHostProcess.js:50:519)
	at _.fire (/home/achu/Applications/VSCodium/resources/app/out/vs/workbench/services/extensions/node/extensionHostProcess.js:181:274)
	at e.onMessage.e (/home/achu/Applications/VSCodium/resources/app/out/vs/workbench/services/extensions/node/extensionHostProcess.js:787:104)
	at l.fire (/home/achu/Applications/VSCodium/resources/app/out/vs/workbench/services/extensions/node/extensionHostProcess.js:50:519)
	at _.fire (/home/achu/Applications/VSCodium/resources/app/out/vs/workbench/services/extensions/node/extensionHostProcess.js:181:274)
	at t.PersistentProtocol._receiveMessage (/home/achu/Applications/VSCodium/resources/app/out/vs/workbench/services/extensions/node/extensionHostProcess.js:185:629)
	at _socketDisposables.push._socketReader.onMessage.e (/home/achu/Applications/VSCodium/resources/app/out/vs/workbench/services/extensions/node/extensionHostProcess.js:182:824)
	at l.fire (/home/achu/Applications/VSCodium/resources/app/out/vs/workbench/services/extensions/node/extensionHostProcess.js:50:519)
	at p.acceptChunk (/home/achu/Applications/VSCodium/resources/app/out/vs/workbench/services/extensions/node/extensionHostProcess.js:178:588)
	at _register._socket.onData.e (/home/achu/Applications/VSCodium/resources/app/out/vs/workbench/services/extensions/node/extensionHostProcess.js:177:958)
	at Socket.t (/home/achu/Applications/VSCodium/resources/app/out/vs/workbench/services/extensions/node/extensionHostProcess.js:187:68)
	at Socket.emit (events.js:182:13)
	at addChunk (_stream_readable.js:283:12)
	at readableAddChunk (_stream_readable.js:264:11)
	at Socket.Readable.push (_stream_readable.js:219:10)
	at Pipe.onStreamRead [as onread] (internal/stream_base_commons.js:94:17)
[2019-11-08 13:58:36.774] [exthost] [error] [mshr-h.veriloghdl] provider FAILED
[2019-11-08 13:58:36.775] [exthost] [error] TypeError: Cannot read property 'isEmpty' of undefined
	at VerilogHoverProvider.provideHover (/home/achu/.vscode-oss/extensions/mshr-h.veriloghdl-1.0.3/out/src/providers/HoverProvider.js:13:23)
	at o.asPromise (/home/achu/Applications/VSCodium/resources/app/out/vs/workbench/services/extensions/node/extensionHostProcess.js:553:169)
	at Promise (/home/achu/Applications/VSCodium/resources/app/out/vs/workbench/services/extensions/node/extensionHostProcess.js:55:649)
	at new Promise (<anonymous>)
	at Object.t.asPromise (/home/achu/Applications/VSCodium/resources/app/out/vs/workbench/services/extensions/node/extensionHostProcess.js:55:621)
	at w.provideHover (/home/achu/Applications/VSCodium/resources/app/out/vs/workbench/services/extensions/node/extensionHostProcess.js:553:140)
	at _withAdapter.e (/home/achu/Applications/VSCodium/resources/app/out/vs/workbench/services/extensions/node/extensionHostProcess.js:569:653)
	at U._withAdapter (/home/achu/Applications/VSCodium/resources/app/out/vs/workbench/services/extensions/node/extensionHostProcess.js:566:593)
	at U.$provideHover (/home/achu/Applications/VSCodium/resources/app/out/vs/workbench/services/extensions/node/extensionHostProcess.js:569:631)
	at p._doInvokeHandler (/home/achu/Applications/VSCodium/resources/app/out/vs/workbench/services/extensions/node/extensionHostProcess.js:635:275)
	at p._invokeHandler (/home/achu/Applications/VSCodium/resources/app/out/vs/workbench/services/extensions/node/extensionHostProcess.js:634:971)
	at p._receiveRequest (/home/achu/Applications/VSCodium/resources/app/out/vs/workbench/services/extensions/node/extensionHostProcess.js:633:588)
	at p._receiveOneMessage (/home/achu/Applications/VSCodium/resources/app/out/vs/workbench/services/extensions/node/extensionHostProcess.js:632:468)
	at _protocol.onMessage.e (/home/achu/Applications/VSCodium/resources/app/out/vs/workbench/services/extensions/node/extensionHostProcess.js:630:691)
	at l.fire (/home/achu/Applications/VSCodium/resources/app/out/vs/workbench/services/extensions/node/extensionHostProcess.js:50:519)
	at _.fire (/home/achu/Applications/VSCodium/resources/app/out/vs/workbench/services/extensions/node/extensionHostProcess.js:181:274)
	at e.onMessage.e (/home/achu/Applications/VSCodium/resources/app/out/vs/workbench/services/extensions/node/extensionHostProcess.js:787:104)
	at l.fire (/home/achu/Applications/VSCodium/resources/app/out/vs/workbench/services/extensions/node/extensionHostProcess.js:50:519)
	at _.fire (/home/achu/Applications/VSCodium/resources/app/out/vs/workbench/services/extensions/node/extensionHostProcess.js:181:274)
	at t.PersistentProtocol._receiveMessage (/home/achu/Applications/VSCodium/resources/app/out/vs/workbench/services/extensions/node/extensionHostProcess.js:185:629)
	at _socketDisposables.push._socketReader.onMessage.e (/home/achu/Applications/VSCodium/resources/app/out/vs/workbench/services/extensions/node/extensionHostProcess.js:182:824)
	at l.fire (/home/achu/Applications/VSCodium/resources/app/out/vs/workbench/services/extensions/node/extensionHostProcess.js:50:519)
	at p.acceptChunk (/home/achu/Applications/VSCodium/resources/app/out/vs/workbench/services/extensions/node/extensionHostProcess.js:178:588)
	at _register._socket.onData.e (/home/achu/Applications/VSCodium/resources/app/out/vs/workbench/services/extensions/node/extensionHostProcess.js:177:958)
	at Socket.t (/home/achu/Applications/VSCodium/resources/app/out/vs/workbench/services/extensions/node/extensionHostProcess.js:187:68)
	at Socket.emit (events.js:182:13)
	at addChunk (_stream_readable.js:283:12)
	at readableAddChunk (_stream_readable.js:264:11)
	at Socket.Readable.push (_stream_readable.js:219:10)
	at Pipe.onStreamRead [as onread] (internal/stream_base_commons.js:94:17)
