Looking for git in: git
Using git 2.23.0 from git
> git rev-parse --show-toplevel
> git rev-parse --git-dir
> git config --get commit.template
Open repository: /home/achu/Desktop/University Second Year/Fall/ECE241
> git fetch
> git status -z -u
> git symbolic-ref --short HEAD
> git rev-parse master
> git rev-parse --symbolic-full-name master@{u}
> git rev-list --left-right master...refs/remotes/origin/master
> git for-each-ref --format %(refname) %(objectname) --sort -committerdate
> git remote --verbose
> git show :Lab7/part2/fill.v
> git ls-files --stage -- Lab7/part2/
> git check-ignore -v -z --stdin
Missing or invalid credentials.
Skip fetch commands
Missing or invalid credentials.
Skip fetch commands
remote: Repository not found.
fatal: Authentication failed for 'https://github.com/achuthanmukundan00/ECE241.git/'
> git config --global user.email
> git config --global user.name
> git status -z -u
> git symbolic-ref --short HEAD
> git rev-parse master
> git rev-parse --symbolic-full-name master@{u}
> git rev-list --left-right master...refs/remotes/origin/master
> git for-each-ref --format %(refname) %(objectname) --sort -committerdate
> git remote --verbose
> git show -s --format=%an <%ae> [%ai] 0b9529efe03e931f6204932b3142641b2b1d5b0d
> git show :Lab7/part2/fill.v
> git ls-files --stage -- Lab7/part2/
