[2019-11-08 13:43:31.516] [renderer1] [error] Cannot read property 'isEmpty' of undefined: TypeError: Cannot read property 'isEmpty' of undefined
	at VerilogHoverProvider.provideHover (/home/achu/.vscode-oss/extensions/mshr-h.veriloghdl-1.0.3/out/src/providers/HoverProvider.js:13:23)
	at o.asPromise (/home/achu/Applications/VSCodium/resources/app/out/vs/workbench/services/extensions/node/extensionHostProcess.js:553:169)
	at Promise (/home/achu/Applications/VSCodium/resources/app/out/vs/workbench/services/extensions/node/extensionHostProcess.js:55:649)
	at new Promise (<anonymous>)
	at Object.t.asPromise (/home/achu/Applications/VSCodium/resources/app/out/vs/workbench/services/extensions/node/extensionHostProcess.js:55:621)
	at w.provideHover (/home/achu/Applications/VSCodium/resources/app/out/vs/workbench/services/extensions/node/extensionHostProcess.js:553:140)
	at _withAdapter.e (/home/achu/Applications/VSCodium/resources/app/out/vs/workbench/services/extensions/node/extensionHostProcess.js:569:653)
	at U._withAdapter (/home/achu/Applications/VSCodium/resources/app/out/vs/workbench/services/extensions/node/extensionHostProcess.js:566:593)
	at U.$provideHover (/home/achu/Applications/VSCodium/resources/app/out/vs/workbench/services/extensions/node/extensionHostProcess.js:569:631)
	at p._doInvokeHandler (/home/achu/Applications/VSCodium/resources/app/out/vs/workbench/services/extensions/node/extensionHostProcess.js:635:275)
	at p._invokeHandler (/home/achu/Applications/VSCodium/resources/app/out/vs/workbench/services/extensions/node/extensionHostProcess.js:634:971)
	at p._receiveRequest (/home/achu/Applications/VSCodium/resources/app/out/vs/workbench/services/extensions/node/extensionHostProcess.js:633:588)
	at p._receiveOneMessage (/home/achu/Applications/VSCodium/resources/app/out/vs/workbench/services/extensions/node/extensionHostProcess.js:632:468)
	at _protocol.onMessage.e (/home/achu/Applications/VSCodium/resources/app/out/vs/workbench/services/extensions/node/extensionHostProcess.js:630:691)
	at l.fire (/home/achu/Applications/VSCodium/resources/app/out/vs/workbench/services/extensions/node/extensionHostProcess.js:50:519)
	at _.fire (/home/achu/Applications/VSCodium/resources/app/out/vs/workbench/services/extensions/node/extensionHostProcess.js:181:274)
	at e.onMessage.e (/home/achu/Applications/VSCodium/resources/app/out/vs/workbench/services/extensions/node/extensionHostProcess.js:787:104)
	at l.fire (/home/achu/Applications/VSCodium/resources/app/out/vs/workbench/services/extensions/node/extensionHostProcess.js:50:519)
	at _.fire (/home/achu/Applications/VSCodium/resources/app/out/vs/workbench/services/extensions/node/extensionHostProcess.js:181:274)
	at t.PersistentProtocol._receiveMessage (/home/achu/Applications/VSCodium/resources/app/out/vs/workbench/services/extensions/node/extensionHostProcess.js:185:629)
	at _socketDisposables.push._socketReader.onMessage.e (/home/achu/Applications/VSCodium/resources/app/out/vs/workbench/services/extensions/node/extensionHostProcess.js:182:824)
	at l.fire (/home/achu/Applications/VSCodium/resources/app/out/vs/workbench/services/extensions/node/extensionHostProcess.js:50:519)
	at p.acceptChunk (/home/achu/Applications/VSCodium/resources/app/out/vs/workbench/services/extensions/node/extensionHostProcess.js:178:588)
	at _register._socket.onData.e (/home/achu/Applications/VSCodium/resources/app/out/vs/workbench/services/extensions/node/extensionHostProcess.js:177:958)
	at Socket.t (/home/achu/Applications/VSCodium/resources/app/out/vs/workbench/services/extensions/node/extensionHostProcess.js:187:68)
	at Socket.emit (events.js:182:13)
	at addChunk (_stream_readable.js:283:12)
	at readableAddChunk (_stream_readable.js:264:11)
	at Socket.Readable.push (_stream_readable.js:219:10)
	at Pipe.onStreamRead [as onread] (internal/stream_base_commons.js:94:17)
[2019-11-08 13:43:37.822] [renderer1] [error] Cannot read property 'isEmpty' of undefined: TypeError: Cannot read property 'isEmpty' of undefined
	at VerilogHoverProvider.provideHover (/home/achu/.vscode-oss/extensions/mshr-h.veriloghdl-1.0.3/out/src/providers/HoverProvider.js:13:23)
	at o.asPromise (/home/achu/Applications/VSCodium/resources/app/out/vs/workbench/services/extensions/node/extensionHostProcess.js:553:169)
	at Promise (/home/achu/Applications/VSCodium/resources/app/out/vs/workbench/services/extensions/node/extensionHostProcess.js:55:649)
	at new Promise (<anonymous>)
	at Object.t.asPromise (/home/achu/Applications/VSCodium/resources/app/out/vs/workbench/services/extensions/node/extensionHostProcess.js:55:621)
	at w.provideHover (/home/achu/Applications/VSCodium/resources/app/out/vs/workbench/services/extensions/node/extensionHostProcess.js:553:140)
	at _withAdapter.e (/home/achu/Applications/VSCodium/resources/app/out/vs/workbench/services/extensions/node/extensionHostProcess.js:569:653)
	at U._withAdapter (/home/achu/Applications/VSCodium/resources/app/out/vs/workbench/services/extensions/node/extensionHostProcess.js:566:593)
	at U.$provideHover (/home/achu/Applications/VSCodium/resources/app/out/vs/workbench/services/extensions/node/extensionHostProcess.js:569:631)
	at p._doInvokeHandler (/home/achu/Applications/VSCodium/resources/app/out/vs/workbench/services/extensions/node/extensionHostProcess.js:635:275)
	at p._invokeHandler (/home/achu/Applications/VSCodium/resources/app/out/vs/workbench/services/extensions/node/extensionHostProcess.js:634:971)
	at p._receiveRequest (/home/achu/Applications/VSCodium/resources/app/out/vs/workbench/services/extensions/node/extensionHostProcess.js:633:588)
	at p._receiveOneMessage (/home/achu/Applications/VSCodium/resources/app/out/vs/workbench/services/extensions/node/extensionHostProcess.js:632:468)
	at _protocol.onMessage.e (/home/achu/Applications/VSCodium/resources/app/out/vs/workbench/services/extensions/node/extensionHostProcess.js:630:691)
	at l.fire (/home/achu/Applications/VSCodium/resources/app/out/vs/workbench/services/extensions/node/extensionHostProcess.js:50:519)
	at _.fire (/home/achu/Applications/VSCodium/resources/app/out/vs/workbench/services/extensions/node/extensionHostProcess.js:181:274)
	at e.onMessage.e (/home/achu/Applications/VSCodium/resources/app/out/vs/workbench/services/extensions/node/extensionHostProcess.js:787:104)
	at l.fire (/home/achu/Applications/VSCodium/resources/app/out/vs/workbench/services/extensions/node/extensionHostProcess.js:50:519)
	at _.fire (/home/achu/Applications/VSCodium/resources/app/out/vs/workbench/services/extensions/node/extensionHostProcess.js:181:274)
	at t.PersistentProtocol._receiveMessage (/home/achu/Applications/VSCodium/resources/app/out/vs/workbench/services/extensions/node/extensionHostProcess.js:185:629)
	at _socketDisposables.push._socketReader.onMessage.e (/home/achu/Applications/VSCodium/resources/app/out/vs/workbench/services/extensions/node/extensionHostProcess.js:182:824)
	at l.fire (/home/achu/Applications/VSCodium/resources/app/out/vs/workbench/services/extensions/node/extensionHostProcess.js:50:519)
	at p.acceptChunk (/home/achu/Applications/VSCodium/resources/app/out/vs/workbench/services/extensions/node/extensionHostProcess.js:178:588)
	at _register._socket.onData.e (/home/achu/Applications/VSCodium/resources/app/out/vs/workbench/services/extensions/node/extensionHostProcess.js:177:958)
	at Socket.t (/home/achu/Applications/VSCodium/resources/app/out/vs/workbench/services/extensions/node/extensionHostProcess.js:187:68)
	at Socket.emit (events.js:182:13)
	at addChunk (_stream_readable.js:283:12)
	at readableAddChunk (_stream_readable.js:264:11)
	at Socket.Readable.push (_stream_readable.js:219:10)
	at Pipe.onStreamRead [as onread] (internal/stream_base_commons.js:94:17)
[2019-11-08 13:44:09.059] [renderer1] [error] Error: [File Watcher (chokidar)] terminated unexpectedly and is restarted again...
[2019-11-08 13:44:09.059] [renderer1] [error] [File Watcher (chokidar)] terminated unexpectedly and is restarted again...
