[2019-11-07 15:56:52.124] [exthost] [info] extension host started
[2019-11-07 15:56:52.286] [exthost] [info] ExtensionService#_doActivateExtension vscode.configuration-editing {"startup":false,"extensionId":{"value":"vscode.configuration-editing","_lower":"vscode.configuration-editing"},"activationEvent":"onLanguage:jsonc"}
[2019-11-07 15:56:52.287] [exthost] [info] ExtensionService#loadCommonJSModule file:///home/achu/Applications/VSCodium/resources/app/extensions/configuration-editing/dist/extension
[2019-11-07 15:56:52.295] [exthost] [info] ExtensionService#_doActivateExtension vscode.json-language-features {"startup":false,"extensionId":{"value":"vscode.json-language-features","_lower":"vscode.json-language-features"},"activationEvent":"onLanguage:jsonc"}
[2019-11-07 15:56:52.295] [exthost] [info] ExtensionService#loadCommonJSModule file:///home/achu/Applications/VSCodium/resources/app/extensions/json-language-features/client/dist/jsonMain
[2019-11-07 15:56:52.333] [exthost] [info] ExtensionService#_doActivateExtension vscode.typescript-language-features {"startup":false,"extensionId":{"value":"vscode.typescript-language-features","_lower":"vscode.typescript-language-features"},"activationEvent":"onLanguage:jsonc"}
[2019-11-07 15:56:52.333] [exthost] [info] ExtensionService#loadCommonJSModule file:///home/achu/Applications/VSCodium/resources/app/extensions/typescript-language-features/dist/extension
[2019-11-07 15:56:52.358] [exthost] [info] ExtensionService#_doActivateExtension vscode.debug-auto-launch {"startup":true,"extensionId":{"value":"vscode.debug-auto-launch","_lower":"vscode.debug-auto-launch"},"activationEvent":"*"}
[2019-11-07 15:56:52.359] [exthost] [info] ExtensionService#loadCommonJSModule file:///home/achu/Applications/VSCodium/resources/app/extensions/debug-auto-launch/dist/extension
[2019-11-07 15:56:52.363] [exthost] [info] ExtensionService#_doActivateExtension vscode.emmet {"startup":true,"extensionId":{"value":"vscode.emmet","_lower":"vscode.emmet"},"activationEvent":"*"}
[2019-11-07 15:56:52.364] [exthost] [info] ExtensionService#loadCommonJSModule file:///home/achu/Applications/VSCodium/resources/app/extensions/emmet/dist/extension
[2019-11-07 15:56:52.403] [exthost] [info] ExtensionService#_doActivateExtension vscode.git {"startup":true,"extensionId":{"value":"vscode.git","_lower":"vscode.git"},"activationEvent":"*"}
[2019-11-07 15:56:52.403] [exthost] [info] ExtensionService#loadCommonJSModule file:///home/achu/Applications/VSCodium/resources/app/extensions/git/dist/main
[2019-11-07 15:56:52.435] [exthost] [info] ExtensionService#_doActivateExtension vscode.merge-conflict {"startup":true,"extensionId":{"value":"vscode.merge-conflict","_lower":"vscode.merge-conflict"},"activationEvent":"*"}
[2019-11-07 15:56:52.435] [exthost] [info] ExtensionService#loadCommonJSModule file:///home/achu/Applications/VSCodium/resources/app/extensions/merge-conflict/dist/extension
[2019-11-07 15:56:52.441] [exthost] [info] ExtensionService#_doActivateExtension dbaeumer.vscode-eslint {"startup":true,"extensionId":{"value":"dbaeumer.vscode-eslint","_lower":"dbaeumer.vscode-eslint"},"activationEvent":"*"}
[2019-11-07 15:56:52.441] [exthost] [info] ExtensionService#loadCommonJSModule file:///home/achu/.vscode-oss/extensions/dbaeumer.vscode-eslint-1.9.1/client/out/extension
[2019-11-07 15:56:52.461] [exthost] [info] ExtensionService#_doActivateExtension esbenp.prettier-vscode {"startup":true,"extensionId":{"value":"esbenp.prettier-vscode","_lower":"esbenp.prettier-vscode"},"activationEvent":"*"}
[2019-11-07 15:56:52.461] [exthost] [info] ExtensionService#loadCommonJSModule file:///home/achu/.vscode-oss/extensions/esbenp.prettier-vscode-2.3.0/out/extension
[2019-11-07 15:56:52.685] [exthost] [info] ExtensionService#_doActivateExtension ms-vsliveshare.vsliveshare {"startup":true,"extensionId":{"value":"ms-vsliveshare.vsliveshare","_lower":"ms-vsliveshare.vsliveshare"},"activationEvent":"*"}
[2019-11-07 15:56:52.685] [exthost] [info] ExtensionService#loadCommonJSModule file:///home/achu/.vscode-oss/extensions/ms-vsliveshare.vsliveshare-1.0.1123/out/prod/extension-prod
[2019-11-07 15:56:53.046] [exthost] [info] ExtensionService#_doActivateExtension PKief.material-icon-theme {"startup":true,"extensionId":{"value":"PKief.material-icon-theme","_lower":"pkief.material-icon-theme"},"activationEvent":"*"}
[2019-11-07 15:56:53.046] [exthost] [info] ExtensionService#loadCommonJSModule file:///home/achu/.vscode-oss/extensions/pkief.material-icon-theme-3.9.1/dist/extension
[2019-11-07 15:56:53.063] [exthost] [info] ExtensionService#_doActivateExtension vscode.npm {"startup":true,"extensionId":{"value":"vscode.npm","_lower":"vscode.npm"},"activationEvent":"workspaceContains:package.json"}
[2019-11-07 15:56:53.063] [exthost] [info] ExtensionService#loadCommonJSModule file:///home/achu/Applications/VSCodium/resources/app/extensions/npm/dist/main
[2019-11-07 15:56:53.215] [exthost] [info] eager extensions activated
